[demos.creative-tim.com/argon-dashboard-pro/pages/tables/datatables.html]
[backblue.gif]
[fade.gif]
[index.html]
[s3.amazonaws.com/creativetim_bucket/products/137/original/opt_adp_thumbnail.jpg]
[demos.creative-tim.com/argon-dashboard-pro/assets/img/brand/favicon.png]
[demos.creative-tim.com/argon-dashboard-pro/assets/vendor/nucleo/css/nucleo.css]
[demos.creative-tim.com/argon-dashboard-pro/assets/vendor/@fortawesome/fontawesome-free/css/all.min.css]
[demos.creative-tim.com/argon-dashboard-pro/assets/vendor/datatables.net-bs4/css/dataTables.bootstrap4.min.css]
[demos.creative-tim.com/argon-dashboard-pro/assets/vendor/datatables.net-buttons-bs4/css/buttons.bootstrap4.min.css]
[demos.creative-tim.com/argon-dashboard-pro/assets/vendor/datatables.net-select-bs4/css/select.bootstrap4.min.css]
[demos.creative-tim.com/argon-dashboard-pro/assets/css/argon.min5438.css]
[demos.creative-tim.com/argon-dashboard-pro/assets/img/brand/blue.png]
[demos.creative-tim.com/argon-dashboard-pro/pages/tables/tables.html]
[demos.creative-tim.com/argon-dashboard-pro/pages/tables/sortable.html]
[demos.creative-tim.com/argon-dashboard-pro/assets/img/theme/team-1.jpg]
[demos.creative-tim.com/argon-dashboard-pro/assets/img/theme/team-2.jpg]
[demos.creative-tim.com/argon-dashboard-pro/assets/img/theme/team-3.jpg]
[demos.creative-tim.com/argon-dashboard-pro/assets/img/theme/team-4.jpg]
[demos.creative-tim.com/argon-dashboard-pro/assets/img/theme/team-5.jpg]
[demos.creative-tim.com/argon-dashboard-pro/assets/vendor/jquery/dist/jquery.min.js]
[demos.creative-tim.com/argon-dashboard-pro/assets/vendor/bootstrap/dist/js/bootstrap.bundle.min.js]
[demos.creative-tim.com/argon-dashboard-pro/assets/vendor/js-cookie/js.cookie.js]
[demos.creative-tim.com/argon-dashboard-pro/assets/vendor/jquery.scrollbar/jquery.scrollbar.min.js]
[demos.creative-tim.com/argon-dashboard-pro/assets/vendor/jquery-scroll-lock/dist/jquery-scrollLock.min.js]
[demos.creative-tim.com/argon-dashboard-pro/assets/vendor/datatables.net/js/jquery.dataTables.min.js]
[demos.creative-tim.com/argon-dashboard-pro/assets/vendor/datatables.net-bs4/js/dataTables.bootstrap4.min.js]
[demos.creative-tim.com/argon-dashboard-pro/assets/vendor/datatables.net-buttons/js/dataTables.buttons.min.js]
[demos.creative-tim.com/argon-dashboard-pro/assets/vendor/datatables.net-buttons-bs4/js/buttons.bootstrap4.min.js]
[demos.creative-tim.com/argon-dashboard-pro/assets/vendor/datatables.net-buttons/js/buttons.html5.min.js]
[demos.creative-tim.com/argon-dashboard-pro/assets/vendor/datatables.net-buttons/js/buttons.flash.min.js]
[demos.creative-tim.com/argon-dashboard-pro/assets/vendor/datatables.net-buttons/js/buttons.print.min.js]
[demos.creative-tim.com/argon-dashboard-pro/assets/vendor/datatables.net-select/js/dataTables.select.min.js]
[demos.creative-tim.com/argon-dashboard-pro/assets/js/argon.min5438.js]
[demos.creative-tim.com/argon-dashboard-pro/assets/js/demo.min.js]
[connect.facebook.net/en_US/fbevents.js]
[demos.creative-tim.com/argon-dashboard-pro/pages/tables/datatables.html]
[demos.creative-tim.com/argon-dashboard-pro/assets/vendor/nucleo/css/nucleo.css]
[demos.creative-tim.com/argon-dashboard-pro/assets/vendor/@fortawesome/fontawesome-free/css/all.min.css]
[demos.creative-tim.com/argon-dashboard-pro/assets/vendor/datatables.net-bs4/css/dataTables.bootstrap4.min.css]
[demos.creative-tim.com/argon-dashboard-pro/assets/vendor/datatables.net-buttons-bs4/css/buttons.bootstrap4.min.css]
[demos.creative-tim.com/argon-dashboard-pro/assets/vendor/datatables.net-select-bs4/css/select.bootstrap4.min.css]
[demos.creative-tim.com/argon-dashboard-pro/assets/img/calendar/january.jpg]
[demos.creative-tim.com/argon-dashboard-pro/assets/img/calendar/february.jpg]
[demos.creative-tim.com/argon-dashboard-pro/assets/img/calendar/march.jpg]
[demos.creative-tim.com/argon-dashboard-pro/assets/img/calendar/april.jpg]
[demos.creative-tim.com/argon-dashboard-pro/assets/img/calendar/may.jpg]
[demos.creative-tim.com/argon-dashboard-pro/assets/img/calendar/june.jpg]
[demos.creative-tim.com/argon-dashboard-pro/assets/img/calendar/july.jpg]
[demos.creative-tim.com/argon-dashboard-pro/assets/img/calendar/august.jpg]
[demos.creative-tim.com/argon-dashboard-pro/assets/img/calendar/september.jpg]
[demos.creative-tim.com/argon-dashboard-pro/assets/img/calendar/october.jpg]
[demos.creative-tim.com/argon-dashboard-pro/assets/img/calendar/november.jpg]
[demos.creative-tim.com/argon-dashboard-pro/assets/img/calendar/december.jpg]
[demos.creative-tim.com/argon-dashboard-pro/assets/css/argon.min5438.css]
[www.googletagmanager.com/gtm5445.html]
[demos.creative-tim.com/argon-dashboard-pro/assets/img/theme/bootstrap.jpg]
[demos.creative-tim.com/argon-dashboard-pro/assets/img/theme/angular.jpg]
[demos.creative-tim.com/argon-dashboard-pro/assets/img/theme/sketch.jpg]
[demos.creative-tim.com/argon-dashboard-pro/assets/img/theme/react.jpg]
[demos.creative-tim.com/argon-dashboard-pro/assets/img/theme/vue.jpg]
[demos.creative-tim.com/argon-dashboard-pro/pages/tables/tables.html]
[demos.creative-tim.com/argon-dashboard-pro/assets/vendor/list.js/dist/list.min.js]
[demos.creative-tim.com/argon-dashboard-pro/pages/tables/sortable.html]
[demos.creative-tim.com/argon-dashboard-pro/pages/tables/POST]
[connect.facebook.net/en_US/fbevents.js]
[demos.creative-tim.com/argon-dashboard-pro/assets/img/calendar/january.html]
[demos.creative-tim.com/argon-dashboard-pro/assets/img/calendar/february.html]
[demos.creative-tim.com/argon-dashboard-pro/assets/img/calendar/march.html]
[demos.creative-tim.com/argon-dashboard-pro/assets/img/calendar/april.html]
[demos.creative-tim.com/argon-dashboard-pro/assets/img/calendar/may.html]
[demos.creative-tim.com/argon-dashboard-pro/assets/img/calendar/june.html]
[demos.creative-tim.com/argon-dashboard-pro/assets/img/calendar/july.html]
[demos.creative-tim.com/argon-dashboard-pro/assets/img/calendar/august.html]
[demos.creative-tim.com/argon-dashboard-pro/assets/img/calendar/september.html]
[demos.creative-tim.com/argon-dashboard-pro/assets/img/calendar/october.html]
[demos.creative-tim.com/argon-dashboard-pro/assets/img/calendar/november.html]
[demos.creative-tim.com/argon-dashboard-pro/assets/img/calendar/december.html]
[demos.creative-tim.com/argon-dashboard-pro/pages/tables/POST.html]
